<?xml version="1.0" encoding="UTF-8"?>
<!-- Generated by org.testng.reporters.JUnitReportReporter -->
<testsuite hostname="DESKTOP-OLMI7T4" failures="0" tests="3" name="base.SampleTest" time="30.769" errors="0" timestamp="2024-11-03T15:44:20 WAT" skipped="0">
  <testcase classname="base.SampleTest" name="testCase1" time="12.288"/>
  <system-out/>
  <testcase classname="base.SampleTest" name="testCase3" time="9.519"/>
  <system-out/>
  <testcase classname="base.SampleTest" name="testCase2" time="8.962"/>
  <system-out/>
</testsuite> <!-- base.SampleTest -->
