<?xml version="1.0" encoding="UTF-8"?>
<!-- Generated by org.testng.reporters.JUnitReportReporter -->
<testsuite hostname="DESKTOP-OLMI7T4" failures="0" tests="3" name="base.SampleTest" time="26.805" errors="0" timestamp="2024-11-03T16:24:03 WAT" skipped="0">
  <testcase classname="base.SampleTest" name="testCase1" time="8.221"/>
  <testcase classname="base.SampleTest" name="testCase2" time="9.837"/>
  <testcase classname="base.SampleTest" name="testCase3" time="8.747"/>
</testsuite> <!-- base.SampleTest -->
