<?xml version="1.0" encoding="UTF-8"?>
<!-- Generated by org.testng.reporters.JUnitReportReporter -->
<testsuite hostname="DESKTOP-OLMI7T4" failures="0" tests="4" name="test.OrangeHRMTest" time="51.599" errors="0" timestamp="2024-11-05T02:22:23 WAT" skipped="0">
  <testcase classname="test.OrangeHRMTest" name="sampleCase" time="12.860"/>
  <testcase classname="test.OrangeHRMTest" name="loginPageTest" time="14.673"/>
  <testcase classname="test.OrangeHRMTest" name="loginTest" time="17.550"/>
  <testcase classname="test.OrangeHRMTest" name="verifyForgotPassword" time="6.516"/>
</testsuite> <!-- test.OrangeHRMTest -->
